[0.069s] [34mcolcon[0m [1;30mDEBUG[0m [32mCommand line arguments: ['/usr/bin/colcon', 'build', '--packages-select', 'semantic_builder', '--symlink-install'][0m
[0.069s] [34mcolcon[0m [1;30mDEBUG[0m [32mParsed command line arguments: Namespace(log_base=None, log_level=None, verb_name='build', build_base='build', install_base='install', merge_install=False, symlink_install=True, test_result_base=None, continue_on_error=False, executor='parallel', parallel_workers=32, event_handlers=None, ignore_user_meta=False, metas=['./colcon.meta'], base_paths=['.'], packages_ignore=None, packages_ignore_regex=None, paths=None, packages_up_to=None, packages_up_to_regex=None, packages_above=None, packages_above_and_dependencies=None, packages_above_depth=None, packages_select_by_dep=None, packages_skip_by_dep=None, packages_skip_up_to=None, packages_select_build_failed=False, packages_skip_build_finished=False, packages_select_test_failures=False, packages_skip_test_passed=False, packages_select=['semantic_builder'], packages_skip=None, packages_select_regex=None, packages_skip_regex=None, packages_start=None, packages_end=None, allow_overriding=[], cmake_args=None, cmake_target=None, cmake_target_skip_unavailable=False, cmake_clean_cache=False, cmake_clean_first=False, cmake_force_configure=False, ament_cmake_args=None, catkin_cmake_args=None, catkin_skip_building_tests=False, verb_parser=<colcon_defaults.argument_parser.defaults.DefaultArgumentsDecorator object at 0x7ff2d78410f0>, verb_extension=<colcon_core.verb.build.BuildVerb object at 0x7ff2d793a560>, main=<bound method BuildVerb.main of <colcon_core.verb.build.BuildVerb object at 0x7ff2d793a560>>)[0m
[0.167s] [34mcolcon.colcon_core.package_discovery[0m [1;30mLevel 1[0m discover_packages(colcon_meta) check parameters
[0.167s] [34mcolcon.colcon_core.package_discovery[0m [1;30mLevel 1[0m discover_packages(recursive) check parameters
[0.167s] [34mcolcon.colcon_core.package_discovery[0m [1;30mLevel 1[0m discover_packages(ignore) check parameters
[0.167s] [34mcolcon.colcon_core.package_discovery[0m [1;30mLevel 1[0m discover_packages(path) check parameters
[0.167s] [34mcolcon.colcon_core.package_discovery[0m [1;30mLevel 1[0m discover_packages(colcon_meta) discover
[0.167s] [34mcolcon.colcon_core.package_discovery[0m [1;30mLevel 1[0m discover_packages(recursive) discover
[0.167s] [34mcolcon.colcon_core.package_discovery[0m [1;30mINFO[0m Crawling recursively for packages in '/home/jj/project_total/camera_ws/src/semantic_builder'
[0.167s] [34mcolcon.colcon_core.package_identification[0m [1;30mLevel 1[0m _identify(.) by extensions ['ignore', 'ignore_ament_install']
[0.168s] [34mcolcon.colcon_core.package_identification[0m [1;30mLevel 1[0m _identify(.) by extension 'ignore'
[0.168s] [34mcolcon.colcon_core.package_identification[0m [1;30mLevel 1[0m _identify(.) by extension 'ignore_ament_install'
[0.168s] [34mcolcon.colcon_core.package_identification[0m [1;30mLevel 1[0m _identify(.) by extensions ['colcon_pkg']
[0.168s] [34mcolcon.colcon_core.package_identification[0m [1;30mLevel 1[0m _identify(.) by extension 'colcon_pkg'
[0.168s] [34mcolcon.colcon_core.package_identification[0m [1;30mLevel 1[0m _identify(.) by extensions ['colcon_meta']
[0.168s] [34mcolcon.colcon_core.package_identification[0m [1;30mLevel 1[0m _identify(.) by extension 'colcon_meta'
[0.168s] [34mcolcon.colcon_core.package_identification[0m [1;30mLevel 1[0m _identify(.) by extensions ['ros']
[0.168s] [34mcolcon.colcon_core.package_identification[0m [1;30mLevel 1[0m _identify(.) by extension 'ros'
[0.179s] [34mcolcon.colcon_core.package_identification[0m [1;30mDEBUG[0m [32mPackage '.' with type 'ros.ament_python' and name 'semantic_builder'[0m
[0.179s] [34mcolcon.colcon_core.package_discovery[0m [1;30mLevel 1[0m discover_packages(recursive) using defaults
[0.179s] [34mcolcon.colcon_core.package_discovery[0m [1;30mLevel 1[0m discover_packages(ignore) discover
[0.179s] [34mcolcon.colcon_core.package_discovery[0m [1;30mLevel 1[0m discover_packages(ignore) using defaults
[0.179s] [34mcolcon.colcon_core.package_discovery[0m [1;30mLevel 1[0m discover_packages(path) discover
[0.179s] [34mcolcon.colcon_core.package_discovery[0m [1;30mLevel 1[0m discover_packages(path) using defaults
[0.187s] [34mcolcon.colcon_core.package_discovery[0m [1;30mLevel 1[0m discover_packages(prefix_path) check parameters
[0.187s] [34mcolcon.colcon_core.package_discovery[0m [1;30mLevel 1[0m discover_packages(prefix_path) discover
[0.189s] [34mcolcon.colcon_installed_package_information.package_discovery[0m [1;30mDEBUG[0m [32mFound 456 installed packages in /opt/ros/humble[0m
[0.190s] [34mcolcon.colcon_core.package_discovery[0m [1;30mLevel 1[0m discover_packages(prefix_path) using defaults
[0.216s] [34mcolcon.colcon_core.verb[0m [1;30mLevel 5[0m set package 'semantic_builder' build argument 'cmake_args' from command line to 'None'
[0.216s] [34mcolcon.colcon_core.verb[0m [1;30mLevel 5[0m set package 'semantic_builder' build argument 'cmake_target' from command line to 'None'
[0.216s] [34mcolcon.colcon_core.verb[0m [1;30mLevel 5[0m set package 'semantic_builder' build argument 'cmake_target_skip_unavailable' from command line to 'False'
[0.216s] [34mcolcon.colcon_core.verb[0m [1;30mLevel 5[0m set package 'semantic_builder' build argument 'cmake_clean_cache' from command line to 'False'
[0.216s] [34mcolcon.colcon_core.verb[0m [1;30mLevel 5[0m set package 'semantic_builder' build argument 'cmake_clean_first' from command line to 'False'
[0.216s] [34mcolcon.colcon_core.verb[0m [1;30mLevel 5[0m set package 'semantic_builder' build argument 'cmake_force_configure' from command line to 'False'
[0.216s] [34mcolcon.colcon_core.verb[0m [1;30mLevel 5[0m set package 'semantic_builder' build argument 'ament_cmake_args' from command line to 'None'
[0.216s] [34mcolcon.colcon_core.verb[0m [1;30mLevel 5[0m set package 'semantic_builder' build argument 'catkin_cmake_args' from command line to 'None'
[0.216s] [34mcolcon.colcon_core.verb[0m [1;30mLevel 5[0m set package 'semantic_builder' build argument 'catkin_skip_building_tests' from command line to 'False'
[0.216s] [34mcolcon.colcon_core.verb[0m [1;30mDEBUG[0m [32mBuilding package 'semantic_builder' with the following arguments: {'ament_cmake_args': None, 'build_base': '/home/jj/project_total/camera_ws/src/semantic_builder/build/semantic_builder', 'catkin_cmake_args': None, 'catkin_skip_building_tests': False, 'cmake_args': None, 'cmake_clean_cache': False, 'cmake_clean_first': False, 'cmake_force_configure': False, 'cmake_target': None, 'cmake_target_skip_unavailable': False, 'install_base': '/home/jj/project_total/camera_ws/src/semantic_builder/install/semantic_builder', 'merge_install': False, 'path': '/home/jj/project_total/camera_ws/src/semantic_builder', 'symlink_install': True, 'test_result_base': None}[0m
[0.216s] [34mcolcon.colcon_core.executor[0m [1;30mINFO[0m Executing jobs using 'parallel' executor
[0.217s] [34mcolcon.colcon_parallel_executor.executor.parallel[0m [1;30mDEBUG[0m [32mrun_until_complete[0m
[0.217s] [34mcolcon.colcon_ros.task.ament_python.build[0m [1;30mINFO[0m Building ROS package in '/home/jj/project_total/camera_ws/src/semantic_builder' with build type 'ament_python'
[0.217s] [34mcolcon.colcon_core.shell[0m [1;30mLevel 1[0m create_environment_hook('semantic_builder', 'ament_prefix_path')
[0.218s] [34mcolcon.colcon_core.plugin_system[0m [1;30mINFO[0m Skipping extension 'colcon_core.shell.bat': Not used on non-Windows systems
[0.218s] [34mcolcon.colcon_core.shell[0m [1;30mINFO[0m Creating environment hook '/home/jj/project_total/camera_ws/src/semantic_builder/install/semantic_builder/share/semantic_builder/hook/ament_prefix_path.ps1'
[0.218s] [34mcolcon.colcon_core.shell[0m [1;30mINFO[0m Creating environment descriptor '/home/jj/project_total/camera_ws/src/semantic_builder/install/semantic_builder/share/semantic_builder/hook/ament_prefix_path.dsv'
[0.218s] [34mcolcon.colcon_core.shell[0m [1;30mINFO[0m Creating environment hook '/home/jj/project_total/camera_ws/src/semantic_builder/install/semantic_builder/share/semantic_builder/hook/ament_prefix_path.sh'
[0.219s] [34mcolcon.colcon_core.shell[0m [1;30mINFO[0m Skip shell extension 'powershell' for command environment: Not usable outside of PowerShell
[0.219s] [34mcolcon.colcon_core.shell[0m [1;30mDEBUG[0m [32mSkip shell extension 'dsv' for command environment[0m
[0.364s] [34mcolcon.colcon_core.task.python.build[0m [1;30mINFO[0m Building Python package in '/home/jj/project_total/camera_ws/src/semantic_builder'
[0.364s] [34mcolcon.colcon_core.shell[0m [1;30mINFO[0m Skip shell extension 'powershell' for command environment: Not usable outside of PowerShell
[0.364s] [34mcolcon.colcon_core.shell[0m [1;30mDEBUG[0m [32mSkip shell extension 'dsv' for command environment[0m
[0.560s] [34mcolcon.colcon_core.event_handler.log_command[0m [1;30mDEBUG[0m [32mInvoking command in '/home/jj/project_total/camera_ws/src/semantic_builder/build/semantic_builder': PYTHONPATH=/home/jj/project_total/camera_ws/src/semantic_builder/build/semantic_builder/prefix_override:/usr/lib/python3/dist-packages/colcon_core/task/python/colcon_distutils_commands:/home/jj/project_total/camera_ws/src/semantic_builder/install/semantic_builder/lib/python3.10/site-packages:${PYTHONPATH} /usr/bin/python3 -W ignore:setup.py install is deprecated -W ignore:easy_install command is deprecated setup.py develop --editable --build-directory /home/jj/project_total/camera_ws/src/semantic_builder/build/semantic_builder/build --no-deps symlink_data[0m
[0.833s] [34mcolcon.colcon_core.shell[0m [1;30mLevel 1[0m create_environment_hook('semantic_builder', 'pythonpath_develop')
[0.833s] [34mcolcon.colcon_core.shell[0m [1;30mINFO[0m Creating environment hook '/home/jj/project_total/camera_ws/src/semantic_builder/build/semantic_builder/share/semantic_builder/hook/pythonpath_develop.ps1'
[0.834s] [34mcolcon.colcon_core.event_handler.log_command[0m [1;30mDEBUG[0m [32mInvoked command in '/home/jj/project_total/camera_ws/src/semantic_builder/build/semantic_builder' returned '0': PYTHONPATH=/home/jj/project_total/camera_ws/src/semantic_builder/build/semantic_builder/prefix_override:/usr/lib/python3/dist-packages/colcon_core/task/python/colcon_distutils_commands:/home/jj/project_total/camera_ws/src/semantic_builder/install/semantic_builder/lib/python3.10/site-packages:${PYTHONPATH} /usr/bin/python3 -W ignore:setup.py install is deprecated -W ignore:easy_install command is deprecated setup.py develop --editable --build-directory /home/jj/project_total/camera_ws/src/semantic_builder/build/semantic_builder/build --no-deps symlink_data[0m
[0.834s] [34mcolcon.colcon_core.shell[0m [1;30mINFO[0m Creating environment descriptor '/home/jj/project_total/camera_ws/src/semantic_builder/build/semantic_builder/share/semantic_builder/hook/pythonpath_develop.dsv'
[0.835s] [34mcolcon.colcon_core.shell[0m [1;30mINFO[0m Creating environment hook '/home/jj/project_total/camera_ws/src/semantic_builder/build/semantic_builder/share/semantic_builder/hook/pythonpath_develop.sh'
[0.836s] [34mcolcon.colcon_core.environment[0m [1;30mLevel 1[0m checking '/home/jj/project_total/camera_ws/src/semantic_builder/install/semantic_builder' for CMake module files
[0.836s] [34mcolcon.colcon_core.environment[0m [1;30mLevel 1[0m checking '/home/jj/project_total/camera_ws/src/semantic_builder/install/semantic_builder' for CMake config files
[0.837s] [34mcolcon.colcon_core.environment[0m [1;30mLevel 1[0m checking '/home/jj/project_total/camera_ws/src/semantic_builder/install/semantic_builder/lib'
[0.837s] [34mcolcon.colcon_core.environment[0m [1;30mLevel 1[0m checking '/home/jj/project_total/camera_ws/src/semantic_builder/install/semantic_builder/bin'
[0.837s] [34mcolcon.colcon_core.environment[0m [1;30mLevel 1[0m checking '/home/jj/project_total/camera_ws/src/semantic_builder/install/semantic_builder/lib/pkgconfig/semantic_builder.pc'
[0.837s] [34mcolcon.colcon_core.environment[0m [1;30mLevel 1[0m checking '/home/jj/project_total/camera_ws/src/semantic_builder/install/semantic_builder/lib/python3.10/site-packages'
[0.837s] [34mcolcon.colcon_core.shell[0m [1;30mLevel 1[0m create_environment_hook('semantic_builder', 'pythonpath')
[0.837s] [34mcolcon.colcon_core.shell[0m [1;30mINFO[0m Creating environment hook '/home/jj/project_total/camera_ws/src/semantic_builder/install/semantic_builder/share/semantic_builder/hook/pythonpath.ps1'
[0.837s] [34mcolcon.colcon_core.shell[0m [1;30mINFO[0m Creating environment descriptor '/home/jj/project_total/camera_ws/src/semantic_builder/install/semantic_builder/share/semantic_builder/hook/pythonpath.dsv'
[0.837s] [34mcolcon.colcon_core.shell[0m [1;30mINFO[0m Creating environment hook '/home/jj/project_total/camera_ws/src/semantic_builder/install/semantic_builder/share/semantic_builder/hook/pythonpath.sh'
[0.838s] [34mcolcon.colcon_core.environment[0m [1;30mLevel 1[0m checking '/home/jj/project_total/camera_ws/src/semantic_builder/install/semantic_builder/bin'
[0.838s] [34mcolcon.colcon_core.environment[0m [1;30mLevel 1[0m create_environment_scripts_only(semantic_builder)
[0.838s] [34mcolcon.colcon_core.shell[0m [1;30mINFO[0m Creating package script '/home/jj/project_total/camera_ws/src/semantic_builder/install/semantic_builder/share/semantic_builder/package.ps1'
[0.838s] [34mcolcon.colcon_core.shell[0m [1;30mINFO[0m Creating package descriptor '/home/jj/project_total/camera_ws/src/semantic_builder/install/semantic_builder/share/semantic_builder/package.dsv'
[0.839s] [34mcolcon.colcon_core.shell[0m [1;30mINFO[0m Creating package script '/home/jj/project_total/camera_ws/src/semantic_builder/install/semantic_builder/share/semantic_builder/package.sh'
[0.839s] [34mcolcon.colcon_core.shell[0m [1;30mINFO[0m Creating package script '/home/jj/project_total/camera_ws/src/semantic_builder/install/semantic_builder/share/semantic_builder/package.bash'
[0.839s] [34mcolcon.colcon_core.shell[0m [1;30mINFO[0m Creating package script '/home/jj/project_total/camera_ws/src/semantic_builder/install/semantic_builder/share/semantic_builder/package.zsh'
[0.840s] [34mcolcon.colcon_core.environment[0m [1;30mLevel 1[0m create_file_with_runtime_dependencies(/home/jj/project_total/camera_ws/src/semantic_builder/install/semantic_builder/share/colcon-core/packages/semantic_builder)
[0.840s] [34mcolcon.colcon_parallel_executor.executor.parallel[0m [1;30mDEBUG[0m [32mclosing loop[0m
[0.840s] [34mcolcon.colcon_parallel_executor.executor.parallel[0m [1;30mDEBUG[0m [32mloop closed[0m
[0.840s] [34mcolcon.colcon_parallel_executor.executor.parallel[0m [1;30mDEBUG[0m [32mrun_until_complete finished with '0'[0m
[0.840s] [34mcolcon.colcon_core.event_reactor[0m [1;30mDEBUG[0m [32mjoining thread[0m
[0.843s] [34mcolcon.colcon_core.plugin_system[0m [1;30mINFO[0m Skipping extension 'colcon_notification.desktop_notification.terminal_notifier': Not used on non-Darwin systems
[0.843s] [34mcolcon.colcon_core.plugin_system[0m [1;30mINFO[0m Skipping extension 'colcon_notification.desktop_notification.win32': Not used on non-Windows systems
[0.843s] [34mcolcon.colcon_notification.desktop_notification[0m [1;30mINFO[0m Sending desktop notification using 'notify2'
[0.847s] [34mcolcon.colcon_core.event_reactor[0m [1;30mDEBUG[0m [32mjoined thread[0m
[0.847s] [34mcolcon.colcon_core.shell[0m [1;30mINFO[0m Creating prefix script '/home/jj/project_total/camera_ws/src/semantic_builder/install/local_setup.ps1'
[0.848s] [34mcolcon.colcon_core.shell[0m [1;30mINFO[0m Creating prefix util module '/home/jj/project_total/camera_ws/src/semantic_builder/install/_local_setup_util_ps1.py'
[0.848s] [34mcolcon.colcon_core.shell[0m [1;30mINFO[0m Creating prefix chain script '/home/jj/project_total/camera_ws/src/semantic_builder/install/setup.ps1'
[0.849s] [34mcolcon.colcon_core.shell[0m [1;30mINFO[0m Creating prefix script '/home/jj/project_total/camera_ws/src/semantic_builder/install/local_setup.sh'
[0.849s] [34mcolcon.colcon_core.shell[0m [1;30mINFO[0m Creating prefix util module '/home/jj/project_total/camera_ws/src/semantic_builder/install/_local_setup_util_sh.py'
[0.849s] [34mcolcon.colcon_core.shell[0m [1;30mINFO[0m Creating prefix chain script '/home/jj/project_total/camera_ws/src/semantic_builder/install/setup.sh'
[0.850s] [34mcolcon.colcon_core.shell[0m [1;30mINFO[0m Creating prefix script '/home/jj/project_total/camera_ws/src/semantic_builder/install/local_setup.bash'
[0.850s] [34mcolcon.colcon_core.shell[0m [1;30mINFO[0m Creating prefix chain script '/home/jj/project_total/camera_ws/src/semantic_builder/install/setup.bash'
[0.850s] [34mcolcon.colcon_core.shell[0m [1;30mINFO[0m Creating prefix script '/home/jj/project_total/camera_ws/src/semantic_builder/install/local_setup.zsh'
[0.851s] [34mcolcon.colcon_core.shell[0m [1;30mINFO[0m Creating prefix chain script '/home/jj/project_total/camera_ws/src/semantic_builder/install/setup.zsh'
